<?xml version="1.0" encoding="UTF-8"?>
<!-- Generated by org.testng.reporters.JUnitReportReporter -->
<testsuite hostname="INSISCILT-3353" failures="0" tests="1" name="Test" time="8.874" errors="0" timestamp="7 Sep 2021 06:42:09 GMT">
  <testcase classname="Test" name="m1" time="8.874"/>
</testsuite> <!-- Test -->
