<?xml version="1.0" encoding="UTF-8"?>
<!-- Generated by org.testng.reporters.JUnitReportReporter -->
<testsuite hostname="INSISCILT-3353" failures="0" tests="1" name="Test" time="7.905" errors="0" timestamp="7 Sep 2021 06:14:42 GMT">
  <testcase classname="Test" name="m1" time="7.905"/>
</testsuite> <!-- Test -->
